[32m2023-05-26 04:24:45 +0700[0m - dagster - [34mDEBUG[0m - __ASSET_JOB - 85cfbeb0-3799-4c6a-83fc-aea729d940f1 - 146788 - LOGS_CAPTURED - Started capturing logs in process (pid: 146788).
[32m2023-05-26 04:24:45 +0700[0m - dagster - [34mDEBUG[0m - __ASSET_JOB - 85cfbeb0-3799-4c6a-83fc-aea729d940f1 - 146788 - run_dbt_e7bb1 - STEP_START - Started execution of step "run_dbt_e7bb1".
[32m2023-05-26 04:24:46 +0700[0m - dagster - [34mINFO[0m - resource:dbt - 85cfbeb0-3799-4c6a-83fc-aea729d940f1 - run_dbt_e7bb1 - Executing command: dbt --no-use-colors --log-format json run --project-dir /home/jazzdung/projects/dbt_financial --profiles-dir /home/jazzdung/.dbt --select fqn:*
[32m2023-05-26 04:24:47 +0700[0m - dagster - [34mINFO[0m - resource:dbt - 85cfbeb0-3799-4c6a-83fc-aea729d940f1 - run_dbt_e7bb1 - Running with dbt=1.5.0
[32m2023-05-26 04:24:48 +0700[0m - dagster - [34mINFO[0m - resource:dbt - 85cfbeb0-3799-4c6a-83fc-aea729d940f1 - run_dbt_e7bb1 - Found 5 models, 2 tests, 0 snapshots, 0 analyses, 308 macros, 0 operations, 0 seed files, 3 sources, 0 exposures, 0 metrics, 0 groups
[32m2023-05-26 04:24:48 +0700[0m - dagster - [34mINFO[0m - resource:dbt - 85cfbeb0-3799-4c6a-83fc-aea729d940f1 - run_dbt_e7bb1
[32m2023-05-26 04:24:48 +0700[0m - dagster - [34mINFO[0m - resource:dbt - 85cfbeb0-3799-4c6a-83fc-aea729d940f1 - run_dbt_e7bb1 - Concurrency: 1 threads (target='dev')
[32m2023-05-26 04:24:48 +0700[0m - dagster - [34mINFO[0m - resource:dbt - 85cfbeb0-3799-4c6a-83fc-aea729d940f1 - run_dbt_e7bb1
[32m2023-05-26 04:24:48 +0700[0m - dagster - [34mINFO[0m - resource:dbt - 85cfbeb0-3799-4c6a-83fc-aea729d940f1 - run_dbt_e7bb1 - 1 of 5 START sql view model financial_raw.stg_organization ..................... [RUN]
[32m2023-05-26 04:24:48 +0700[0m - dagster - [34mDEBUG[0m - __ASSET_JOB - 85cfbeb0-3799-4c6a-83fc-aea729d940f1 - 146788 - run_dbt_e7bb1 - STEP_OUTPUT - Yielded output "stg_organization" of type "Nothing". (Type check passed).
[32m2023-05-26 04:24:48 +0700[0m - dagster - [34mDEBUG[0m - __ASSET_JOB - 85cfbeb0-3799-4c6a-83fc-aea729d940f1 - 146788 - run_dbt_e7bb1 - ASSET_MATERIALIZATION - Materialized value raw financial_raw stg_organization.
[32m2023-05-26 04:24:48 +0700[0m - dagster - [34mDEBUG[0m - __ASSET_JOB - 85cfbeb0-3799-4c6a-83fc-aea729d940f1 - 146788 - run_dbt_e7bb1 - HANDLED_OUTPUT - Handled output "stg_organization" using IO manager "io_manager"
[32m2023-05-26 04:24:48 +0700[0m - dagster - [34mINFO[0m - resource:dbt - 85cfbeb0-3799-4c6a-83fc-aea729d940f1 - run_dbt_e7bb1 - 1 of 5 OK created sql view model financial_raw.stg_organization ................ [CREATE VIEW in 0.13s]
[32m2023-05-26 04:24:48 +0700[0m - dagster - [34mINFO[0m - resource:dbt - 85cfbeb0-3799-4c6a-83fc-aea729d940f1 - run_dbt_e7bb1 - 2 of 5 START sql view model financial_raw.stg_organization_overview ............ [RUN]
[32m2023-05-26 04:24:48 +0700[0m - dagster - [34mDEBUG[0m - __ASSET_JOB - 85cfbeb0-3799-4c6a-83fc-aea729d940f1 - 146788 - run_dbt_e7bb1 - STEP_OUTPUT - Yielded output "stg_organization_overview" of type "Nothing". (Type check passed).
[32m2023-05-26 04:24:48 +0700[0m - dagster - [34mDEBUG[0m - __ASSET_JOB - 85cfbeb0-3799-4c6a-83fc-aea729d940f1 - 146788 - run_dbt_e7bb1 - ASSET_MATERIALIZATION - Materialized value raw financial_raw stg_organization_overview.
[32m2023-05-26 04:24:48 +0700[0m - dagster - [34mDEBUG[0m - __ASSET_JOB - 85cfbeb0-3799-4c6a-83fc-aea729d940f1 - 146788 - run_dbt_e7bb1 - HANDLED_OUTPUT - Handled output "stg_organization_overview" using IO manager "io_manager"
[32m2023-05-26 04:24:48 +0700[0m - dagster - [34mINFO[0m - resource:dbt - 85cfbeb0-3799-4c6a-83fc-aea729d940f1 - run_dbt_e7bb1 - 2 of 5 OK created sql view model financial_raw.stg_organization_overview ....... [CREATE VIEW in 0.08s]
[32m2023-05-26 04:24:48 +0700[0m - dagster - [34mINFO[0m - resource:dbt - 85cfbeb0-3799-4c6a-83fc-aea729d940f1 - run_dbt_e7bb1 - 3 of 5 START sql view model financial_raw.stg_price_history .................... [RUN]
[32m2023-05-26 04:24:48 +0700[0m - dagster - [34mDEBUG[0m - __ASSET_JOB - 85cfbeb0-3799-4c6a-83fc-aea729d940f1 - 146788 - run_dbt_e7bb1 - STEP_OUTPUT - Yielded output "stg_price_history" of type "Nothing". (Type check passed).
[32m2023-05-26 04:24:48 +0700[0m - dagster - [34mDEBUG[0m - __ASSET_JOB - 85cfbeb0-3799-4c6a-83fc-aea729d940f1 - 146788 - run_dbt_e7bb1 - ASSET_MATERIALIZATION - Materialized value raw financial_raw stg_price_history.
[32m2023-05-26 04:24:48 +0700[0m - dagster - [34mDEBUG[0m - __ASSET_JOB - 85cfbeb0-3799-4c6a-83fc-aea729d940f1 - 146788 - run_dbt_e7bb1 - HANDLED_OUTPUT - Handled output "stg_price_history" using IO manager "io_manager"
[32m2023-05-26 04:24:48 +0700[0m - dagster - [34mINFO[0m - resource:dbt - 85cfbeb0-3799-4c6a-83fc-aea729d940f1 - run_dbt_e7bb1 - 3 of 5 OK created sql view model financial_raw.stg_price_history ............... [CREATE VIEW in 0.07s]
[32m2023-05-26 04:24:48 +0700[0m - dagster - [34mINFO[0m - resource:dbt - 85cfbeb0-3799-4c6a-83fc-aea729d940f1 - run_dbt_e7bb1 - 4 of 5 START sql table model financial_clean.dim_organization_overview ......... [RUN]
[32m2023-05-26 04:24:48 +0700[0m - dagster - [34mDEBUG[0m - __ASSET_JOB - 85cfbeb0-3799-4c6a-83fc-aea729d940f1 - 146788 - run_dbt_e7bb1 - STEP_OUTPUT - Yielded output "dim_organization_overview" of type "Nothing". (Type check passed).
[32m2023-05-26 04:24:48 +0700[0m - dagster - [34mDEBUG[0m - __ASSET_JOB - 85cfbeb0-3799-4c6a-83fc-aea729d940f1 - 146788 - run_dbt_e7bb1 - ASSET_MATERIALIZATION - Materialized value raw financial_clean dim_organization_overview.
[32m2023-05-26 04:24:48 +0700[0m - dagster - [34mDEBUG[0m - __ASSET_JOB - 85cfbeb0-3799-4c6a-83fc-aea729d940f1 - 146788 - run_dbt_e7bb1 - HANDLED_OUTPUT - Handled output "dim_organization_overview" using IO manager "io_manager"
[32m2023-05-26 04:24:48 +0700[0m - dagster - [34mINFO[0m - resource:dbt - 85cfbeb0-3799-4c6a-83fc-aea729d940f1 - run_dbt_e7bb1 - 4 of 5 OK created sql table model financial_clean.dim_organization_overview .... [SELECT 10 in 0.11s]
[32m2023-05-26 04:24:48 +0700[0m - dagster - [34mINFO[0m - resource:dbt - 85cfbeb0-3799-4c6a-83fc-aea729d940f1 - run_dbt_e7bb1 - 5 of 5 START sql table model financial_clean.dim_price_history ................. [RUN]
[32m2023-05-26 04:24:48 +0700[0m - dagster - [34mDEBUG[0m - __ASSET_JOB - 85cfbeb0-3799-4c6a-83fc-aea729d940f1 - 146788 - run_dbt_e7bb1 - STEP_OUTPUT - Yielded output "dim_price_history" of type "Nothing". (Type check passed).
[32m2023-05-26 04:24:48 +0700[0m - dagster - [34mDEBUG[0m - __ASSET_JOB - 85cfbeb0-3799-4c6a-83fc-aea729d940f1 - 146788 - run_dbt_e7bb1 - ASSET_MATERIALIZATION - Materialized value raw financial_clean dim_price_history.
[32m2023-05-26 04:24:48 +0700[0m - dagster - [34mDEBUG[0m - __ASSET_JOB - 85cfbeb0-3799-4c6a-83fc-aea729d940f1 - 146788 - run_dbt_e7bb1 - HANDLED_OUTPUT - Handled output "dim_price_history" using IO manager "io_manager"
[32m2023-05-26 04:24:48 +0700[0m - dagster - [34mINFO[0m - resource:dbt - 85cfbeb0-3799-4c6a-83fc-aea729d940f1 - run_dbt_e7bb1 - 5 of 5 OK created sql table model financial_clean.dim_price_history ............ [SELECT 10 in 0.07s]
[32m2023-05-26 04:24:48 +0700[0m - dagster - [34mINFO[0m - resource:dbt - 85cfbeb0-3799-4c6a-83fc-aea729d940f1 - run_dbt_e7bb1
[32m2023-05-26 04:24:48 +0700[0m - dagster - [34mINFO[0m - resource:dbt - 85cfbeb0-3799-4c6a-83fc-aea729d940f1 - run_dbt_e7bb1 - Finished running 3 view models, 2 table models in 0 hours 0 minutes and 0.68 seconds (0.68s).
[32m2023-05-26 04:24:48 +0700[0m - dagster - [34mINFO[0m - resource:dbt - 85cfbeb0-3799-4c6a-83fc-aea729d940f1 - run_dbt_e7bb1
[32m2023-05-26 04:24:48 +0700[0m - dagster - [34mINFO[0m - resource:dbt - 85cfbeb0-3799-4c6a-83fc-aea729d940f1 - run_dbt_e7bb1 - Completed successfully
[32m2023-05-26 04:24:48 +0700[0m - dagster - [34mINFO[0m - resource:dbt - 85cfbeb0-3799-4c6a-83fc-aea729d940f1 - run_dbt_e7bb1
[32m2023-05-26 04:24:48 +0700[0m - dagster - [34mINFO[0m - resource:dbt - 85cfbeb0-3799-4c6a-83fc-aea729d940f1 - run_dbt_e7bb1 - Done. PASS=5 WARN=0 ERROR=0 SKIP=0 TOTAL=5
[32m2023-05-26 04:24:50 +0700[0m - dagster - [34mINFO[0m - resource:dbt - 85cfbeb0-3799-4c6a-83fc-aea729d940f1 - run_dbt_e7bb1 - dbt exited with return code 0
[32m2023-05-26 04:24:50 +0700[0m - dagster - [34mDEBUG[0m - __ASSET_JOB - 85cfbeb0-3799-4c6a-83fc-aea729d940f1 - 146788 - run_dbt_e7bb1 - STEP_SUCCESS - Finished execution of step "run_dbt_e7bb1" in 4.46s.
